<?xml version="1.0" encoding="UTF-8"?>
<testng-results ignored="0" total="2" passed="2" failed="0" skipped="0">
  <reporter-output>
  </reporter-output>
  <suite started-at="2021-08-20T18:48:17 IST" name="Test Suite" finished-at="2021-08-20T18:48:21 IST" duration-ms="3521">
    <groups>
    </groups>
    <test started-at="2021-08-20T18:48:17 IST" name="Test Case" finished-at="2021-08-20T18:48:21 IST" duration-ms="3521">
      <class name="AutomateLeafGround.LeafGround">
        <test-method is-config="true" signature="before()[pri:0, instance:AutomateLeafGround.LeafGround@2892dae4]" started-at="2021-08-20T18:48:17 IST" name="before" finished-at="2021-08-20T18:48:19 IST" duration-ms="1662" status="PASS">
          <reporter-output>
          </reporter-output>
        </test-method> <!-- before -->
        <test-method signature="editbutton()[pri:0, instance:AutomateLeafGround.LeafGround@2892dae4]" started-at="2021-08-20T18:48:19 IST" name="editbutton" finished-at="2021-08-20T18:48:19 IST" duration-ms="297" status="PASS">
          <reporter-output>
          </reporter-output>
        </test-method> <!-- editbutton -->
        <test-method is-config="true" signature="before()[pri:0, instance:AutomateLeafGround.LeafGround@2892dae4]" started-at="2021-08-20T18:48:19 IST" name="before" finished-at="2021-08-20T18:48:20 IST" duration-ms="1247" status="PASS">
          <reporter-output>
          </reporter-output>
        </test-method> <!-- before -->
        <test-method signature="button()[pri:1, instance:AutomateLeafGround.LeafGround@2892dae4]" started-at="2021-08-20T18:48:20 IST" name="button" finished-at="2021-08-20T18:48:21 IST" duration-ms="293" status="PASS">
          <reporter-output>
          </reporter-output>
        </test-method> <!-- button -->
      </class> <!-- AutomateLeafGround.LeafGround -->
    </test> <!-- Test Case -->
  </suite> <!-- Test Suite -->
</testng-results>
